build/intermediates/proguard-rules/release/aapt_rules.txt
# view res/layout/design_navigation_item.xml #generated:17
-keep class android.support.design.internal.NavigationMenuItemView { <init>(...); }

# view res/layout/design_navigation_menu.xml #generated:17
-keep class android.support.design.internal.NavigationMenuView { <init>(...); }

# view res/layout/layout_snackbar.xml #generated:18
# view sw600dp-v13/res/layout-sw600dp-v13/layout_snackbar.xml #generated:18
-keep class android.support.design.widget.Snackbar$SnackbarLayout { <init>(...); }

# view res/layout/abc_alert_dialog_material.xml #generated:130
-keep class android.support.v4.widget.Space { <init>(...); }

# view res/layout/abc_action_menu_item_layout.xml #generated:17
-keep class android.support.v7.internal.view.menu.ActionMenuItemView { <init>(...); }

# view res/layout/abc_expanded_menu_layout.xml #generated:17
-keep class android.support.v7.internal.view.menu.ExpandedMenuView { <init>(...); }

# view res/layout/abc_list_menu_item_layout.xml #generated:17
# view res/layout/abc_popup_menu_item_layout.xml #generated:17
-keep class android.support.v7.internal.view.menu.ListMenuItemView { <init>(...); }

# view res/layout/abc_screen_toolbar.xml #generated:27
-keep class android.support.v7.internal.widget.ActionBarContainer { <init>(...); }

# view res/layout/abc_action_mode_bar.xml #generated:19
# view res/layout/abc_screen_toolbar.xml #generated:43
-keep class android.support.v7.internal.widget.ActionBarContextView { <init>(...); }

# view res/layout/abc_screen_toolbar.xml #generated:17
-keep class android.support.v7.internal.widget.ActionBarOverlayLayout { <init>(...); }

# view res/layout/abc_activity_chooser_view.xml #generated:19
-keep class android.support.v7.internal.widget.ActivityChooserView$InnerLayout { <init>(...); }

# view res/layout/abc_screen_content_include.xml #generated:19
-keep class android.support.v7.internal.widget.ContentFrameLayout { <init>(...); }

# view res/layout/abc_alert_dialog_material.xml #generated:48
-keep class android.support.v7.internal.widget.DialogTitle { <init>(...); }

# view res/layout/abc_screen_simple_overlay_action_mode.xml #generated:23
-keep class android.support.v7.internal.widget.FitWindowsFrameLayout { <init>(...); }

# view res/layout/abc_dialog_title_material.xml #generated:22
# view res/layout/abc_screen_simple.xml #generated:17
-keep class android.support.v7.internal.widget.FitWindowsLinearLayout { <init>(...); }

# view res/layout/abc_action_mode_close_item_material.xml #generated:17
# view res/layout/abc_search_dropdown_item_icons_2line.xml #generated:27
# view res/layout/abc_search_dropdown_item_icons_2line.xml #generated:37
# view res/layout/abc_search_dropdown_item_icons_2line.xml #generated:48
# view res/layout/abc_search_view.xml #generated:116
# view res/layout/abc_search_view.xml #generated:128
# view res/layout/abc_search_view.xml #generated:38
# view res/layout/abc_search_view.xml #generated:60
# view res/layout/abc_search_view.xml #generated:97
-keep class android.support.v7.internal.widget.TintImageView { <init>(...); }

# view res/layout/abc_screen_simple.xml #generated:25
# view res/layout/abc_screen_simple_overlay_action_mode.xml #generated:32
-keep class android.support.v7.internal.widget.ViewStubCompat { <init>(...); }

# view res/layout/abc_action_menu_layout.xml #generated:17
-keep class android.support.v7.widget.ActionMenuView { <init>(...); }

# view res/layout/activity_inbox.xml #generated:24
# view res/layout/activity_inbox.xml #generated:61
# view res/layout/activity_instituciones.xml #generated:115
# view res/layout/activity_instituciones.xml #generated:173
# view res/layout/activity_instituciones.xml #generated:20
# view res/layout/activity_instituciones.xml #generated:206
# view res/layout/activity_instituciones.xml #generated:239
# view res/layout/activity_moba.xml #generated:121
# view res/layout/activity_moba.xml #generated:155
# view res/layout/activity_moba.xml #generated:183
# view res/layout/activity_moba.xml #generated:20
# view res/layout/activity_moba.xml #generated:212
# view res/layout/activity_moba.xml #generated:272
# view res/layout/activity_moba.xml #generated:299
# view res/layout/activity_moba.xml #generated:328
# view res/layout/activity_moba.xml #generated:87
# view res/layout/activity_questions.xml #generated:20
-keep class android.support.v7.widget.CardView { <init>(...); }

# view res/layout/abc_search_view.xml #generated:78
-keep class android.support.v7.widget.SearchView$SearchAutoComplete { <init>(...); }

# view res/layout/abc_screen_toolbar.xml #generated:36
-keep class android.support.v7.widget.Toolbar { <init>(...); }

# view res/layout/activity_dataset.xml #generated:26
# view res/layout/activity_inbox.xml #generated:147
# view res/layout/activity_main.xml #generated:39
# view res/layout/activity_main.xml #generated:50
# view res/layout/activity_menu.xml #generated:108
# view res/layout/activity_menu.xml #generated:135
# view res/layout/activity_menu.xml #generated:161
# view res/layout/activity_menu.xml #generated:29
# view res/layout/activity_menu.xml #generated:55
# view res/layout/activity_menu.xml #generated:81
-keep class com.getbase.floatingactionbutton.FloatingActionButton { <init>(...); }

# view res/layout/activity_main.xml #generated:25
-keep class com.getbase.floatingactionbutton.FloatingActionsMenu { <init>(...); }

# view res/layout/activity_maps.xml #generated:2
-keep class com.google.android.gms.maps.SupportMapFragment { <init>(...); }

# view AndroidManifest.xml #generated:49
-keep class com.naveli.mobauacm.cidown.DataSet { <init>(...); }

# view AndroidManifest.xml #generated:47
-keep class com.naveli.mobauacm.cidown.DelActivity { <init>(...); }

# view AndroidManifest.xml #generated:48
-keep class com.naveli.mobauacm.cidown.DelDirectory { <init>(...); }

# view AndroidManifest.xml #generated:46
-keep class com.naveli.mobauacm.cidown.Directory { <init>(...); }

# view AndroidManifest.xml #generated:52
-keep class com.naveli.mobauacm.cidown.InboxActivity { <init>(...); }

# view AndroidManifest.xml #generated:53
-keep class com.naveli.mobauacm.cidown.InicioActivity { <init>(...); }

# view AndroidManifest.xml #generated:45
-keep class com.naveli.mobauacm.cidown.MainActivity { <init>(...); }

# view AndroidManifest.xml #generated:55
-keep class com.naveli.mobauacm.cidown.MapsActivity { <init>(...); }

# view AndroidManifest.xml #generated:54
-keep class com.naveli.mobauacm.cidown.MobaActivity { <init>(...); }

# view AndroidManifest.xml #generated:50
-keep class com.naveli.mobauacm.cidown.QuestActivity { <init>(...); }

# view AndroidManifest.xml #generated:51
-keep class com.naveli.mobauacm.cidown.QuestionsActivity { <init>(...); }

# view AndroidManifest.xml #generated:34
-keep class com.naveli.mobauacm.cidown.SplashFace { <init>(...); }