build/outputs/mapping/release/seeds.txt
com.naveli.mobauacm.cidown.DataSet
com.naveli.mobauacm.cidown.DataSet: DataSet()
com.naveli.mobauacm.cidown.DelActivity
com.naveli.mobauacm.cidown.DelActivity: DelActivity()
com.naveli.mobauacm.cidown.DelDirectory
com.naveli.mobauacm.cidown.DelDirectory: DelDirectory()
com.naveli.mobauacm.cidown.Directory
com.naveli.mobauacm.cidown.Directory: Directory()
com.naveli.mobauacm.cidown.InboxActivity
com.naveli.mobauacm.cidown.InboxActivity: InboxActivity()
com.naveli.mobauacm.cidown.InboxActivity: void onClick(android.view.View)
com.naveli.mobauacm.cidown.InicioActivity
com.naveli.mobauacm.cidown.InicioActivity: InicioActivity()
com.naveli.mobauacm.cidown.InicioActivity: void onClick(android.view.View)
com.naveli.mobauacm.cidown.MainActivity
com.naveli.mobauacm.cidown.MainActivity: MainActivity()
com.naveli.mobauacm.cidown.MapsActivity
com.naveli.mobauacm.cidown.MapsActivity: MapsActivity()
com.naveli.mobauacm.cidown.MobaActivity
com.naveli.mobauacm.cidown.MobaActivity: MobaActivity()
com.naveli.mobauacm.cidown.MobaActivity: void onClick(android.view.View)
com.naveli.mobauacm.cidown.QuestActivity
com.naveli.mobauacm.cidown.QuestActivity: QuestActivity()
com.naveli.mobauacm.cidown.QuestionsActivity
com.naveli.mobauacm.cidown.QuestionsActivity: QuestionsActivity()
com.naveli.mobauacm.cidown.R$anim: int abc_fade_in
com.naveli.mobauacm.cidown.R$anim: int abc_fade_out
com.naveli.mobauacm.cidown.R$anim: int abc_grow_fade_in_from_bottom
com.naveli.mobauacm.cidown.R$anim: int abc_popup_enter
com.naveli.mobauacm.cidown.R$anim: int abc_popup_exit
com.naveli.mobauacm.cidown.R$anim: int abc_shrink_fade_out_from_bottom
com.naveli.mobauacm.cidown.R$anim: int abc_slide_in_bottom
com.naveli.mobauacm.cidown.R$anim: int abc_slide_in_top
com.naveli.mobauacm.cidown.R$anim: int abc_slide_out_bottom
com.naveli.mobauacm.cidown.R$anim: int abc_slide_out_top
com.naveli.mobauacm.cidown.R$anim: int fab_in
com.naveli.mobauacm.cidown.R$anim: int fab_out
com.naveli.mobauacm.cidown.R$anim: int snackbar_in
com.naveli.mobauacm.cidown.R$anim: int snackbar_out
com.naveli.mobauacm.cidown.R$attr: int actionBarDivider
com.naveli.mobauacm.cidown.R$attr: int actionBarItemBackground
com.naveli.mobauacm.cidown.R$attr: int actionBarPopupTheme
com.naveli.mobauacm.cidown.R$attr: int actionBarSize
com.naveli.mobauacm.cidown.R$attr: int actionBarSplitStyle
com.naveli.mobauacm.cidown.R$attr: int actionBarStyle
com.naveli.mobauacm.cidown.R$attr: int actionBarTabBarStyle
com.naveli.mobauacm.cidown.R$attr: int actionBarTabStyle
com.naveli.mobauacm.cidown.R$attr: int actionBarTabTextStyle
com.naveli.mobauacm.cidown.R$attr: int actionBarTheme
com.naveli.mobauacm.cidown.R$attr: int actionBarWidgetTheme
com.naveli.mobauacm.cidown.R$attr: int actionButtonStyle
com.naveli.mobauacm.cidown.R$attr: int actionDropDownStyle
com.naveli.mobauacm.cidown.R$attr: int actionLayout
com.naveli.mobauacm.cidown.R$attr: int actionMenuTextAppearance
com.naveli.mobauacm.cidown.R$attr: int actionMenuTextColor
com.naveli.mobauacm.cidown.R$attr: int actionModeBackground
com.naveli.mobauacm.cidown.R$attr: int actionModeCloseButtonStyle
com.naveli.mobauacm.cidown.R$attr: int actionModeCloseDrawable
com.naveli.mobauacm.cidown.R$attr: int actionModeCopyDrawable
com.naveli.mobauacm.cidown.R$attr: int actionModeCutDrawable
com.naveli.mobauacm.cidown.R$attr: int actionModeFindDrawable
com.naveli.mobauacm.cidown.R$attr: int actionModePasteDrawable
com.naveli.mobauacm.cidown.R$attr: int actionModePopupWindowStyle
com.naveli.mobauacm.cidown.R$attr: int actionModeSelectAllDrawable
...
com.google.android.gms.drive.R$id: int adjust_height
com.google.android.gms.drive.R$id: int adjust_width
com.google.android.gms.drive.R$id: int book_now
com.google.android.gms.drive.R$id: int buyButton
com.google.android.gms.drive.R$id: int buy_now
com.google.android.gms.drive.R$id: int buy_with_google
com.google.android.gms.drive.R$id: int classic
com.google.android.gms.drive.R$id: int donate_with_google
com.google.android.gms.drive.R$id: int grayscale
com.google.android.gms.drive.R$id: int holo_dark
com.google.android.gms.drive.R$id: int holo_light
com.google.android.gms.drive.R$id: int hybrid
com.google.android.gms.drive.R$id: int match_parent
com.google.android.gms.drive.R$id: int monochrome
com.google.android.gms.drive.R$id: int none
com.google.android.gms.drive.R$id: int normal
com.google.android.gms.drive.R$id: int production
com.google.android.gms.drive.R$id: int sandbox
com.google.android.gms.drive.R$id: int satellite
com.google.android.gms.drive.R$id: int selectionDetails
com.google.android.gms.drive.R$id: int slide
com.google.android.gms.drive.R$id: int strict_sandbox
com.google.android.gms.drive.R$id: int terrain
com.google.android.gms.drive.R$id: int wrap_content
com.google.android.gms.drive.R$integer: int google_play_services_version
com.google.android.gms.drive.R$raw: int gtm_analytics
com.google.android.gms.drive.R$string: int accept
com.google.android.gms.drive.R$string: int common_android_wear_notification_needs_update_text
com.google.android.gms.drive.R$string: int common_android_wear_update_text
com.google.android.gms.drive.R$string: int common_android_wear_update_title
com.google.android.gms.drive.R$string: int common_google_play_services_enable_button
com.google.android.gms.drive.R$string: int common_google_play_services_enable_text
com.google.android.gms.drive.R$string: int common_google_play_services_enable_title
com.google.android.gms.drive.R$string: int common_google_play_services_error_notification_requested_by_msg
com.google.android.gms.drive.R$string: int common_google_play_services_install_button
com.google.android.gms.drive.R$string: int common_google_play_services_install_text_phone
com.google.android.gms.drive.R$string: int common_google_play_services_install_text_tablet
com.google.android.gms.drive.R$string: int common_google_play_services_install_title
com.google.android.gms.drive.R$string: int common_google_play_services_invalid_account_text
com.google.android.gms.drive.R$string: int common_google_play_services_invalid_account_title
com.google.android.gms.drive.R$string: int common_google_play_services_needs_enabling_title
com.google.android.gms.drive.R$string: int common_google_play_services_network_error_text
com.google.android.gms.drive.R$string: int common_google_play_services_network_error_title
com.google.android.gms.drive.R$style: int Theme_IAPTheme
com.google.android.gms.drive.R$style: int WalletFragmentDefaultButtonTextAppearance
com.google.android.gms.drive.R$style: int WalletFragmentDefaultDetailsHeaderTextAppearance
com.google.android.gms.drive.R$style: int WalletFragmentDefaultDetailsTextAppearance
com.google.android.gms.drive.R$style: int WalletFragmentDefaultStyle