build/outputs/mapping/release/mapping.txt
com.naveli.mobauacm.cidown.DataSet -> com.naveli.mobauacm.cidown.DataSet:
    android.app.ProgressDialog pDialog -> r
    com.naveli.mobauacm.cidown.JSONParser jParser -> n
    java.util.ArrayList directorioList -> o
    java.lang.String latitud -> s
    java.lang.String longitud -> t
    java.lang.String nombre -> u
    java.lang.String direccion -> v
    org.json.JSONArray instituciones -> p
    android.widget.ListView lista -> q
    boolean existeInternet() -> k
    void showSnackBar(java.lang.String) -> f
    void onCreate(android.os.Bundle) -> onCreate
    android.app.ProgressDialog access$002(com.naveli.mobauacm.cidown.DataSet,android.app.ProgressDialog) -> a
    android.app.ProgressDialog access$000(com.naveli.mobauacm.cidown.DataSet) -> a
    java.lang.String access$102(java.lang.String) -> b
    java.lang.String access$202(java.lang.String) -> c
    java.lang.String access$302(java.lang.String) -> d
    java.lang.String access$402(java.lang.String) -> e
    java.lang.String access$300() -> l
    java.lang.String access$400() -> m
    void access$500(com.naveli.mobauacm.cidown.DataSet,java.lang.String) -> a
    java.lang.String access$200() -> n
    java.lang.String access$100() -> o
com.naveli.mobauacm.cidown.DataSet$LoadAllProducts -> com.naveli.mobauacm.cidown.a:
    com.naveli.mobauacm.cidown.DataSet this$0 -> a
    void onPreExecute() -> onPreExecute
    java.lang.String doInBackground(java.lang.String[]) -> a
    void onPostExecute(java.lang.String) -> a
    void onPostExecute(java.lang.Object) -> onPostExecute
    java.lang.Object doInBackground(java.lang.Object[]) -> doInBackground
com.naveli.mobauacm.cidown.DataSet$LoadAllProducts$1 -> com.naveli.mobauacm.cidown.b:
    com.naveli.mobauacm.cidown.DataSet$LoadAllProducts this$1 -> a
    void onClick(android.view.View) -> onClick
com.naveli.mobauacm.cidown.DataSet$LoadAllProducts$2 -> com.naveli.mobauacm.cidown.c:
    com.naveli.mobauacm.cidown.DataSet$LoadAllProducts this$1 -> a
    void run() -> run
com.naveli.mobauacm.cidown.DelActivity -> com.naveli.mobauacm.cidown.DelActivity:
    com.naveli.mobauacm.cidown.ListViewAdapter adapter -> n
    boolean existeInternet() -> k
    void showSnackBar(java.lang.String) -> b
    void onCreate(android.os.Bundle) -> onCreate
    void access$000(com.naveli.mobauacm.cidown.DelActivity,java.lang.String) -> a
com.naveli.mobauacm.cidown.DelActivity$1 -> com.naveli.mobauacm.cidown.d:
    java.lang.String[] val$delegaciones -> a
    com.naveli.mobauacm.cidown.DelActivity this$0 -> b
    void onItemClick(android.widget.AdapterView,android.view.View,int,long) -> onItemClick
com.naveli.mobauacm.cidown.DelDirectory -> com.naveli.mobauacm.cidown.DelDirectory:
    android.app.ProgressDialog pDialog -> r
    com.naveli.mobauacm.cidown.JSONParser jParser -> n
    java.util.ArrayList directorioList -> o
    org.json.JSONArray instituciones -> p
    android.widget.ListView lista -> q
    void onCreate(android.os.Bundle) -> onCreate
    android.app.ProgressDialog access$002(com.naveli.mobauacm.cidown.DelDirectory,android.app.ProgressDialog) -> a
    android.app.ProgressDialog access$000(com.naveli.mobauacm.cidown.DelDirectory) -> a
com.naveli.mobauacm.cidown.DelDirectory$1 -> com.naveli.mobauacm.cidown.e:
    android.os.Bundle val$bundle -> a
    com.naveli.mobauacm.cidown.DelDirectory this$0 -> b
    void onItemClick(android.widget.AdapterView,android.view.View,int,long) -> onItemClick
com.naveli.mobauacm.cidown.DelDirectory$LoadAllProducts -> com.naveli.mobauacm.cidown.f:
    com.naveli.mobauacm.cidown.DelDirectory this$0 -> a
    void onPreExecute() -> onPreExecute
    java.lang.String doInBackground(java.lang.String[]) -> a
    void onPostExecute(java.lang.String) -> a
    void onPostExecute(java.lang.Object) -> onPostExecute
    java.lang.Object doInBackground(java.lang.Object[]) -> doInBackground
...
android.support.v7.widget.SearchView$OnQueryTextListener -> android.support.v7.widget.ba:
    boolean onQueryTextSubmit(java.lang.String) -> a
android.support.v7.widget.SearchView$OnSuggestionListener -> android.support.v7.widget.bb:
android.support.v7.widget.SearchView$SearchAutoComplete -> android.support.v7.widget.SearchView$SearchAutoComplete:
    int mThreshold -> a
    android.support.v7.widget.SearchView mSearchView -> b
    void setSearchView(android.support.v7.widget.SearchView) -> setSearchView
    void setThreshold(int) -> setThreshold
    void replaceText(java.lang.CharSequence) -> replaceText
    void performCompletion() -> performCompletion
    void onWindowFocusChanged(boolean) -> onWindowFocusChanged
    void onFocusChanged(boolean,int,android.graphics.Rect) -> onFocusChanged
    boolean enoughToFilter() -> enoughToFilter
    boolean onKeyPreIme(int,android.view.KeyEvent) -> onKeyPreIme
android.support.v7.widget.SuggestionsAdapter -> android.support.v7.widget.bc:
    android.app.SearchManager mSearchManager -> j
    android.support.v7.widget.SearchView mSearchView -> k
    android.app.SearchableInfo mSearchable -> l
    android.content.Context mProviderContext -> m
    java.util.WeakHashMap mOutsideDrawablesCache -> n
    int mCommitIconResId -> o
    boolean mClosed -> p
    int mQueryRefinement -> q
    android.content.res.ColorStateList mUrlColor -> r
    int mText1Col -> s
    int mText2Col -> t
    int mText2UrlCol -> u
    int mIconName1Col -> v
    int mIconName2Col -> w
    int mFlagsCol -> x
    void setQueryRefinement(int) -> a
    boolean hasStableIds() -> hasStableIds
    android.database.Cursor runQueryOnBackgroundThread(java.lang.CharSequence) -> a
    void notifyDataSetChanged() -> notifyDataSetChanged
    void notifyDataSetInvalidated() -> notifyDataSetInvalidated
    void updateSpinnerState(android.database.Cursor) -> d
    void changeCursor(android.database.Cursor) -> a
    android.view.View newView(android.content.Context,android.database.Cursor,android.view.ViewGroup) -> a
    void bindView(android.view.View,android.content.Context,android.database.Cursor) -> a
    void onClick(android.view.View) -> onClick
    java.lang.CharSequence formatUrl(java.lang.CharSequence) -> b
    void setViewText(android.widget.TextView,java.lang.CharSequence) -> a
    android.graphics.drawable.Drawable getIcon1(android.database.Cursor) -> e
android.support.v7.widget.SuggestionsAdapter$ChildViewCache -> android.support.v7.widget.bd:
    android.widget.TextView mText1 -> a
    android.widget.TextView mText2 -> b
    android.widget.ImageView mIcon1 -> c
    android.widget.ImageView mIcon2 -> d
    android.widget.ImageView mIconRefine -> e