build/outputs/mapping/release/usage.txt
com.naveli.mobauacm.cidown.BuildConfig
com.naveli.mobauacm.cidown.DataSet:
    private static final java.lang.String TAG_SUCCESS
    private static final java.lang.String TAG_DIRECT
    private static final java.lang.String TAG_NOMBRE
    private static final java.lang.String TAG_DIRECCION
    private static final java.lang.String TAG_ESTADO
    private static final java.lang.String TAG_DELEGACION
    private static final java.lang.String TAG_MUNICIPIO
    private static final java.lang.String TAG_CP
    private static final java.lang.String TAG_TEL1
    private static final java.lang.String TAG_TEL2
    private static final java.lang.String TAG_EMAIL1
    private static final java.lang.String TAG_EMAIL2
    private static final java.lang.String TAG_POBLACION
    private static final java.lang.String TAG_SERVICIOS
    private static final java.lang.String TAG_WEB
    private static final java.lang.String TAG_FACEBOOK
    private static final java.lang.String TAG_TWITTER
    private static final java.lang.String TAG_LEGAL
    private static final java.lang.String TAG_LAT
    private static final java.lang.String TAG_LNG
com.naveli.mobauacm.cidown.DelDirectory:
    private static final java.lang.String TAG_SUCCESS
    private static final java.lang.String TAG_DIRECT
    private static final java.lang.String TAG_NOMBRE
com.naveli.mobauacm.cidown.Directory:
    private static final java.lang.String TAG_SUCCESS
    private static final java.lang.String TAG_DIRECT
    private static final java.lang.String TAG_NOMBRE
com.naveli.mobauacm.cidown.R
com.naveli.mobauacm.cidown.R$anim
com.naveli.mobauacm.cidown.R$attr
com.naveli.mobauacm.cidown.R$bool
com.naveli.mobauacm.cidown.R$color
com.naveli.mobauacm.cidown.R$dimen
com.naveli.mobauacm.cidown.R$drawable
com.naveli.mobauacm.cidown.R$id
com.naveli.mobauacm.cidown.R$integer
com.naveli.mobauacm.cidown.R$layout
com.naveli.mobauacm.cidown.R$menu
com.naveli.mobauacm.cidown.R$mipmap
com.naveli.mobauacm.cidown.R$raw
com.naveli.mobauacm.cidown.R$string
com.naveli.mobauacm.cidown.R$style
com.naveli.mobauacm.cidown.R$styleable
com.naveli.mobauacm.cidown.SplashFace:
    private static final long SPLASH_SCREEN_DELAY
...
com.google.android.gms.internal.zzcn
com.google.android.gms.internal.zzcn$1
com.google.android.gms.internal.zzco
com.google.android.gms.internal.zzco$zza
com.google.android.gms.internal.zzcp:
    public java.util.List zza(org.json.JSONObject,java.lang.String)
    public void zza(android.content.Context,java.lang.String,com.google.android.gms.internal.zzfa,java.lang.String,boolean,java.util.List)
com.google.android.gms.internal.zzcq
com.google.android.gms.internal.zzcr
com.google.android.gms.internal.zzcr$zza
com.google.android.gms.internal.zzcr$zza$zza
com.google.android.gms.internal.zzcs
com.google.android.gms.internal.zzcs$zza
com.google.android.gms.internal.zzcs$zza$zza
com.google.android.gms.internal.zzct
com.google.android.gms.internal.zzct$zza
com.google.android.gms.internal.zzct$zza$zza
com.google.android.gms.internal.zzcu
com.google.android.gms.internal.zzcv
com.google.android.gms.internal.zzcw
com.google.android.gms.internal.zzcx
com.google.android.gms.internal.zzcy
com.google.android.gms.internal.zzcy$1
com.google.android.gms.internal.zzcy$10
com.google.android.gms.internal.zzcy$11
com.google.android.gms.internal.zzcy$2
com.google.android.gms.internal.zzcy$3
com.google.android.gms.internal.zzcy$4
com.google.android.gms.internal.zzcy$5
com.google.android.gms.internal.zzcy$6
com.google.android.gms.internal.zzcy$7
com.google.android.gms.internal.zzcy$8
com.google.android.gms.internal.zzcy$9
com.google.android.gms.internal.zzcz
com.google.android.gms.internal.zzcz$1
com.google.android.gms.internal.zzd
com.google.android.gms.internal.zzd$zza
com.google.android.gms.internal.zzda
com.google.android.gms.internal.zzda$1
com.google.android.gms.internal.zzda$2
com.google.android.gms.internal.zzdb
com.google.android.gms.internal.zzdb$1
com.google.android.gms.internal.zzdc
com.google.android.gms.internal.zzdd
com.google.android.gms.internal.zzdd$1
com.google.android.gms.internal.zzdd$2
com.google.android.gms.internal.zzde
com.google.android.gms.internal.zzde$1
com.google.android.gms.internal.zzde$zza
com.google.android.gms.internal.zzdf
com.google.android.gms.internal.zzdg
com.google.android.gms.internal.zzdh
com.google.android.gms.internal.zzdi
com.google.android.gms.internal.zzdi$zza
com.google.android.gms.internal.zzdj
com.google.android.gms.internal.zzdj$zza
com.google.android.gms.internal.zzdj$zza$zza
com.google.android.gms.internal.zzdk
com.google.android.gms.internal.zzdk$zza
com.google.android.gms.internal.zzdk$zza$zza
com.google.android.gms.internal.zzdl
com.google.android.gms.internal.zzdm
com.google.android.gms.internal.zzdn
com.google.android.gms.internal.zzdo
com.google.android.gms.internal.zzdp
com.google.android.gms.internal.zzdp$1
com.google.android.gms.internal.zzdp$1$1
com.google.android.gms.internal.zzdq:
    public abstract java.lang.String getProductId()
    public abstract void recordResolution(int)
    public abstract void recordPlayBillingResolution(int)
com.google.android.gms.internal.zzdq$zza
com.google.android.gms.internal.zzdq$zza$zza
com.google.android.gms.internal.zzdr
com.google.android.gms.internal.zzdr$zza
com.google.android.gms.internal.zzdr$zza$zza
com.google.android.gms.internal.zzds
com.google.android.gms.internal.zzds$zza
com.google.android.gms.internal.zzds$zza$zza
com.google.android.gms.internal.zzdt
com.google.android.gms.internal.zzdt$zza
com.google.android.gms.internal.zzdt$zza$zza
com.google.android.gms.internal.zzdu
com.google.android.gms.internal.zzdu$zza
com.google.android.gms.internal.zzdu$zza$zza
com.google.android.gms.internal.zzdv
com.google.android.gms.internal.zzdv$zza
com.google.android.gms.internal.zzdv$zza$zza
com.google.android.gms.internal.zzdw
com.google.android.gms.internal.zzdx
com.google.android.gms.internal.zzdx$zza
com.google.android.gms.internal.zzdy
com.google.android.gms.internal.zzdz
com.google.android.gms.internal.zze
com.google.android.gms.internal.zzea
com.google.android.gms.internal.zzeb
com.google.android.gms.internal.zzec